Build started 23/01/2017 20:13:43.
     1>Project "D:\Documents\University  Work\4. Masters Fourth year\Data Structures\CW1\PetriNet\PetriNet\PetriNet.vcxproj" on node 2 (Build target(s)).
     1>ClCompile:
         C:\Program Files (x86)\Microsoft Visual Studio 12.0\VC\bin\CL.exe /c /ZI /nologo /W3 /WX- /Od /Oy- /D WIN32 /D _DEBUG /D _CONSOLE /D _LIB /D _UNICODE /D UNICODE /Gm /EHsc /RTC1 /MDd /GS /fp:precise /Zc:wchar_t /Zc:forScope /Fo"Debug\\" /Fd"Debug\vc120.pdb" /Gd /TP /analyze- /errorReport:prompt Main.cpp
         Main.cpp
     1>d:\documents\university  work\4. masters fourth year\data structures\cw1\petrinet\petrinet\main.cpp(45): error C2100: illegal indirection
     1>d:\documents\university  work\4. masters fourth year\data structures\cw1\petrinet\petrinet\main.cpp(46): error C2100: illegal indirection
     1>d:\documents\university  work\4. masters fourth year\data structures\cw1\petrinet\petrinet\main.cpp(47): error C2100: illegal indirection
     1>d:\documents\university  work\4. masters fourth year\data structures\cw1\petrinet\petrinet\main.cpp(48): error C2100: illegal indirection
     1>d:\documents\university  work\4. masters fourth year\data structures\cw1\petrinet\petrinet\main.cpp(52): error C2664: 'void Transitions::ArcOut(Arcs *)' : cannot convert argument 1 from 'Arcs' to 'Arcs *'
                 No user-defined-conversion operator available that can perform this conversion, or the operator cannot be called
     1>d:\documents\university  work\4. masters fourth year\data structures\cw1\petrinet\petrinet\main.cpp(53): error C2664: 'void Places::ArcIn(Arcs *)' : cannot convert argument 1 from 'Arcs' to 'Arcs *'
                 No user-defined-conversion operator available that can perform this conversion, or the operator cannot be called
     1>d:\documents\university  work\4. masters fourth year\data structures\cw1\petrinet\petrinet\main.cpp(54): error C2664: 'void Arcs::AddPlace(Places *)' : cannot convert argument 1 from 'Places' to 'Places *'
                 No user-defined-conversion operator available that can perform this conversion, or the operator cannot be called
     1>d:\documents\university  work\4. masters fourth year\data structures\cw1\petrinet\petrinet\main.cpp(55): error C2664: 'void Arcs::AddTransition(Transitions *)' : cannot convert argument 1 from 'Transitions' to 'Transitions *'
                 No user-defined-conversion operator available that can perform this conversion, or the operator cannot be called
     1>d:\documents\university  work\4. masters fourth year\data structures\cw1\petrinet\petrinet\main.cpp(66): error C2065: 'state' : undeclared identifier
     1>d:\documents\university  work\4. masters fourth year\data structures\cw1\petrinet\petrinet\main.cpp(69): error C2065: 'symbol' : undeclared identifier
     1>d:\documents\university  work\4. masters fourth year\data structures\cw1\petrinet\petrinet\main.cpp(70): error C2065: 'symbol' : undeclared identifier
     1>d:\documents\university  work\4. masters fourth year\data structures\cw1\petrinet\petrinet\main.cpp(70): error C2065: 'M' : undeclared identifier
     1>d:\documents\university  work\4. masters fourth year\data structures\cw1\petrinet\petrinet\main.cpp(71): error C2065: 'symbol' : undeclared identifier
     1>d:\documents\university  work\4. masters fourth year\data structures\cw1\petrinet\petrinet\main.cpp(75): error C2065: 'state' : undeclared identifier
     1>d:\documents\university  work\4. masters fourth year\data structures\cw1\petrinet\petrinet\main.cpp(75): error C2065: 'symbol' : undeclared identifier
     1>d:\documents\university  work\4. masters fourth year\data structures\cw1\petrinet\petrinet\main.cpp(79): error C2065: 'state' : undeclared identifier
     1>d:\documents\university  work\4. masters fourth year\data structures\cw1\petrinet\petrinet\main.cpp(86): fatal error C1075: end of file found before the left brace '{' at 'd:\documents\university  work\4. masters fourth year\data structures\cw1\petrinet\petrinet\main.cpp(16)' was matched
     1>Done Building Project "D:\Documents\University  Work\4. Masters Fourth year\Data Structures\CW1\PetriNet\PetriNet\PetriNet.vcxproj" (Build target(s)) -- FAILED.

Build FAILED.

Time Elapsed 00:00:00.60
